<?xml version="1.0" encoding="UTF-8"?>
<!-- Generated by org.testng.reporters.JUnitReportReporter -->
<testsuite hostname="Prabhu" failures="0" tests="1" name="com.qa.AppTest" time="0.016" errors="0" timestamp="2023-12-01T14:18:02 IST" skipped="0">
  <testcase classname="com.qa.AppTest" name="shouldAnswerWithTrue" time="0.016"/>
</testsuite> <!-- com.qa.AppTest -->
